<?xml version="1.0" encoding="UTF-8"?>
<!-- Generated by org.testng.reporters.JUnitReportReporter -->
<testsuite hostname="DESKTOP-MQK53ML" failures="0" tests="5" name="Practice.addToCart" time="0.026" errors="0" timestamp="2022-01-20T14:52:28 IST" skipped="0">
  <testcase classname="Practice.addToCart" name="addToCartTest" time="0.009"/>
  <system-out/>
  <testcase classname="Practice.addToCart" name="addToCartTest" time="0.003"/>
  <system-out/>
  <testcase classname="Practice.addToCart" name="addToCartTest" time="0.008"/>
  <system-out/>
  <testcase classname="Practice.addToCart" name="addToCartTest" time="0.003"/>
  <system-out/>
  <testcase classname="Practice.addToCart" name="addToCartTest" time="0.003"/>
  <system-out/>
</testsuite> <!-- Practice.addToCart -->
