<?xml version="1.0" encoding="UTF-8"?>
<!-- Generated by org.testng.reporters.JUnitReportReporter -->
<testsuite hostname="DESKTOP-MQK53ML" failures="0" tests="2" name="com.crm.comcast.orgTest.CreateOrganisationTest" time="62.020" errors="0" timestamp="2022-02-01T11:53:19 IST" skipped="0">
  <testcase classname="com.crm.comcast.orgTest.CreateOrganisationTest" name="createOrgWithIndustryTypeTest" time="30.595"/>
  <system-out/>
  <testcase classname="com.crm.comcast.orgTest.CreateOrganisationTest" name="createOrgTest" time="31.425"/>
  <system-out/>
</testsuite> <!-- com.crm.comcast.orgTest.CreateOrganisationTest -->
