<?xml version="1.0" encoding="UTF-8"?>
<!-- Generated by org.testng.reporters.JUnitReportReporter -->
<testsuite hostname="DESKTOP-MQK53ML" failures="0" tests="4" name="com.crm.comcast.producttest.CreateNewProductTest" time="141.055" errors="0" timestamp="2022-01-22T02:13:51 IST" skipped="0">
  <testcase classname="com.crm.comcast.producttest.CreateNewProductTest" name="createNewProductwithCategoryTest" time="35.253"/>
  <system-out/>
  <testcase classname="com.crm.comcast.producttest.CreateNewProductTest" name="createNewProductTest" time="39.252"/>
  <system-out/>
  <testcase classname="com.crm.comcast.producttest.CreateNewProductTest" name="createNewProductwithCategoryTest" time="34.188"/>
  <system-out/>
  <testcase classname="com.crm.comcast.producttest.CreateNewProductTest" name="createNewProductTest" time="32.362"/>
  <system-out/>
</testsuite> <!-- com.crm.comcast.producttest.CreateNewProductTest -->
