<?xml version="1.0" encoding="UTF-8"?>
<!-- Generated by org.testng.reporters.JUnitReportReporter -->
<testsuite hostname="DESKTOP-MQK53ML" failures="0" tests="2" name="com.crm.comcast.producttest.CreatenewVendorTest" time="80.221" errors="0" timestamp="2022-01-27T21:50:18 IST" skipped="0">
  <testcase classname="com.crm.comcast.producttest.CreatenewVendorTest" name="createNewVendorTest" time="42.029"/>
  <system-out/>
  <testcase classname="com.crm.comcast.producttest.CreatenewVendorTest" name="createNewVendorWithAccountTypeTest" time="38.192"/>
  <system-out/>
</testsuite> <!-- com.crm.comcast.producttest.CreatenewVendorTest -->
