<?xml version="1.0" encoding="UTF-8"?>
<!-- Generated by org.testng.reporters.JUnitReportReporter -->
<testsuite hostname="DESKTOP-MQK53ML" failures="0" tests="1" name="com.crm.comcast.orgTest.Projectunittest" time="0.383" errors="0" timestamp="2022-01-13T11:18:53 IST" skipped="0">
  <testcase classname="com.crm.comcast.orgTest.Projectunittest" name="projectUnitTest" time="0.383"/>
  <system-out/>
</testsuite> <!-- com.crm.comcast.orgTest.Projectunittest -->
